Sun Jan  1 20:50:30 2023 - Resolving of hostname '<Enter hub address here>' has failed.
Check the address please.
Sun Jan  1 20:50:30 2023 - Serving started
Sun Jan  1 20:51:39 2023 - Received signal SIGTERM ending...
Sun Jan  1 20:51:39 2023 - Serving stopped (UL: 361 [5], DL: 276)
Sun Jan  1 20:59:08 2023 - Serving started
Sun Jan  1 21:20:03 2023 - Received signal SIGTERM ending...
Sun Jan  1 21:20:03 2023 - Serving stopped (UL: 650 [0], DL: 755)
Mon Jan  2 13:15:38 2023 - Serving started
Mon Jan  2 15:15:56 2023 - Received signal SIGTERM ending...
Mon Jan  2 15:15:56 2023 - Serving stopped (UL: 1820 [0], DL: 2114)
Mon Jan  2 15:15:58 2023 - Serving started
Mon Jan  2 15:17:09 2023 - Received signal SIGTERM ending...
Mon Jan  2 15:17:09 2023 - Serving stopped (UL: 0 [0], DL: 0)
Mon Jan  2 15:17:39 2023 - Serving started
Mon Jan  2 15:22:30 2023 - Received signal SIGTERM ending...
Mon Jan  2 15:22:30 2023 - Serving stopped (UL: 1950 [0], DL: 2325)
Mon Jan  2 15:22:48 2023 - Serving started
Mon Jan  2 15:23:56 2023 - Received signal SIGTERM ending...
Mon Jan  2 15:23:56 2023 - Serving stopped (UL: 650 [0], DL: 766)
Mon Jan  2 15:29:35 2023 - Serving started
Mon Jan  2 15:38:45 2023 - Received signal SIGTERM ending...
Mon Jan  2 15:38:45 2023 - Serving stopped (UL: 5716 [0], DL: 6760)
Mon Jan  2 15:39:14 2023 - Serving started
Mon Jan  2 15:41:33 2023 - Received signal SIGTERM ending...
Mon Jan  2 15:41:33 2023 - Serving stopped (UL: 1713 [37], DL: 1688)
Mon Jan  2 15:42:04 2023 - Serving started
Mon Jan  2 15:42:40 2023 - Server socket bind error: EADDRINUSE (98) for port: 1209
Mon Jan  2 15:42:40 2023 - Server socket bind error: EADDRINUSE (98) for port: 411
Mon Jan  2 15:42:40 2023 - No valid TCP port specified!
Mon Jan  2 15:43:08 2023 - Received signal SIGTERM ending...
Mon Jan  2 15:43:08 2023 - Serving stopped (UL: 130 [0], DL: 150)
Mon Jan  2 15:43:09 2023 - Serving started
Mon Jan  2 15:46:33 2023 - Received signal SIGTERM ending...
Mon Jan  2 15:46:33 2023 - Serving stopped (UL: 130 [0], DL: 141)
Mon Jan  2 15:54:09 2023 - Serving started
Mon Jan  2 15:57:34 2023 - Received signal SIGTERM ending...
Mon Jan  2 15:57:34 2023 - Serving stopped (UL: 260 [0], DL: 309)
Mon Jan  2 15:57:57 2023 - Serving started
Mon Jan  2 16:03:11 2023 - Received signal SIGTERM ending...
Mon Jan  2 16:03:11 2023 - Serving stopped (UL: 1712 [1576], DL: 663)
Mon Jan  2 16:03:28 2023 - Serving started
